Determining if the include file pthread.h exists failed with the following output:
Change Dir: C:/Users/Edmond/Documents/School/Courses/FifthYear/ENGO500/CmakeTest/Build/CMakeFiles/CMakeTmp

Run Build Command:"D:/VisualStudios/MSBuild/15.0/Bin/MSBuild.exe" "cmTC_f2bcc.vcxproj" "/p:Configuration=Debug" "/p:Platform=x64" "/p:VisualStudioVersion=15.0"
Microsoft (R) Build Engine version 15.3.409.57025 for .NET Framework
Copyright (C) Microsoft Corporation. All rights reserved.

Build started 1/12/2019 8:05:19 PM.
Project "C:\Users\Edmond\Documents\School\Courses\FifthYear\ENGO500\CmakeTest\Build\CMakeFiles\CMakeTmp\cmTC_f2bcc.vcxproj" on node 1 (default targets).
PrepareForBuild:
  Creating directory "cmTC_f2bcc.dir\Debug\".
  Creating directory "C:\Users\Edmond\Documents\School\Courses\FifthYear\ENGO500\CmakeTest\Build\CMakeFiles\CMakeTmp\Debug\".
  Creating directory "cmTC_f2bcc.dir\Debug\cmTC_f2bcc.tlog\".
InitializeBuildStatus:
  Creating "cmTC_f2bcc.dir\Debug\cmTC_f2bcc.tlog\unsuccessfulbuild" because "AlwaysCreate" was specified.
ClCompile:
  D:\VisualStudios\VC\Tools\MSVC\14.11.25503\bin\HostX86\x64\CL.exe /c /Zi /W3 /WX- /diagnostics:classic /Od /Ob0 /D WIN32 /D _WINDOWS /D "CMAKE_INTDIR=\"Debug\"" /D _MBCS /Gm- /RTC1 /MDd /GS /fp:precise /Zc:wchar_t /Zc:forScope /Zc:inline /Fo"cmTC_f2bcc.dir\Debug\\" /Fd"cmTC_f2bcc.dir\Debug\vc141.pdb" /Gd /TC /errorReport:queue C:\Users\Edmond\Documents\School\Courses\FifthYear\ENGO500\CmakeTest\Build\CMakeFiles\CMakeTmp\CheckIncludeFile.c
  Microsoft (R) C/C++ Optimizing Compiler Version 19.11.25508.2 for x64
  Copyright (C) Microsoft Corporation.  All rights reserved.
  
  CheckIncludeFile.c
  cl /c /Zi /W3 /WX- /diagnostics:classic /Od /Ob0 /D WIN32 /D _WINDOWS /D "CMAKE_INTDIR=\"Debug\"" /D _MBCS /Gm- /RTC1 /MDd /GS /fp:precise /Zc:wchar_t /Zc:forScope /Zc:inline /Fo"cmTC_f2bcc.dir\Debug\\" /Fd"cmTC_f2bcc.dir\Debug\vc141.pdb" /Gd /TC /errorReport:queue C:\Users\Edmond\Documents\School\Courses\FifthYear\ENGO500\CmakeTest\Build\CMakeFiles\CMakeTmp\CheckIncludeFile.c
  
C:\Users\Edmond\Documents\School\Courses\FifthYear\ENGO500\CmakeTest\Build\CMakeFiles\CMakeTmp\CheckIncludeFile.c(1): fatal error C1083: Cannot open include file: 'pthread.h': No such file or directory [C:\Users\Edmond\Documents\School\Courses\FifthYear\ENGO500\CmakeTest\Build\CMakeFiles\CMakeTmp\cmTC_f2bcc.vcxproj]
Done Building Project "C:\Users\Edmond\Documents\School\Courses\FifthYear\ENGO500\CmakeTest\Build\CMakeFiles\CMakeTmp\cmTC_f2bcc.vcxproj" (default targets) -- FAILED.

Build FAILED.

"C:\Users\Edmond\Documents\School\Courses\FifthYear\ENGO500\CmakeTest\Build\CMakeFiles\CMakeTmp\cmTC_f2bcc.vcxproj" (default target) (1) ->
(ClCompile target) -> 
  C:\Users\Edmond\Documents\School\Courses\FifthYear\ENGO500\CmakeTest\Build\CMakeFiles\CMakeTmp\CheckIncludeFile.c(1): fatal error C1083: Cannot open include file: 'pthread.h': No such file or directory [C:\Users\Edmond\Documents\School\Courses\FifthYear\ENGO500\CmakeTest\Build\CMakeFiles\CMakeTmp\cmTC_f2bcc.vcxproj]

    0 Warning(s)
    1 Error(s)

Time Elapsed 00:00:01.84


